[2018-04-26T11:31:52.166] [ERROR] Error - {"Error_Name":"","Error_Address":"","Error_Message":"TypeError: (intermediate value).save(...).exec is not a function"}
[2018-04-26T12:42:30.552] [ERROR] Error - {"Error_Name":"","Error_Address":"","Error_Message":"ReferenceError: err_ is not defined"}
[2018-04-26T13:13:39.333] [ERROR] Error - {"Error_Name":"Cube Post Submit Category Info Find Main Promise Error","Error_Address":"Posts.controller.js - 75","Ip":"1","Device_Info":{"ua":"Mozilla/5.0 (Windows NT 10.0; Win64; x64) AppleWebKit/537.36 (KHTML, like Gecko) Chrome/65.0.3325.181 Safari/537.36","browser":{"name":"Chrome","version":"65.0.3325.181","major":"65"},"engine":{"name":"WebKit","version":"537.36"},"os":{"name":"Windows","version":"10"},"device":{},"cpu":{"architecture":"amd64"}},"Request_Body":{}}
[2018-04-26T13:13:39.336] [ERROR] Error - {"Error_Name":"","Error_Address":"","Error_Message":{}}
[2018-04-26T13:13:39.963] [ERROR] Error - {"Error_Name":"Cube Post Submit Category Info Find Main Promise Error","Error_Address":"Posts.controller.js - 75","Ip":"1","Device_Info":{"ua":"Mozilla/5.0 (Windows NT 10.0; Win64; x64) AppleWebKit/537.36 (KHTML, like Gecko) Chrome/65.0.3325.181 Safari/537.36","browser":{"name":"Chrome","version":"65.0.3325.181","major":"65"},"engine":{"name":"WebKit","version":"537.36"},"os":{"name":"Windows","version":"10"},"device":{},"cpu":{"architecture":"amd64"}},"Request_Body":{}}
[2018-04-26T13:13:39.964] [ERROR] Error - {"Error_Name":"","Error_Address":"","Error_Message":{}}
[2018-04-26T13:15:04.749] [ERROR] Error - {"Error_Name":"Cube Post Submit Category Info Find Main Promise Error","Error_Address":"Posts.controller.js - 75","Ip":"1","Device_Info":{"ua":"Mozilla/5.0 (Windows NT 10.0; Win64; x64) AppleWebKit/537.36 (KHTML, like Gecko) Chrome/65.0.3325.181 Safari/537.36","browser":{"name":"Chrome","version":"65.0.3325.181","major":"65"},"engine":{"name":"WebKit","version":"537.36"},"os":{"name":"Windows","version":"10"},"device":{},"cpu":{"architecture":"amd64"}},"Request_Body":{}}
[2018-04-26T13:15:04.749] [ERROR] Error - {"Error_Name":"","Error_Address":"","Error_Message":{}}
[2018-04-26T13:27:03.237] [ERROR] Error - {"Error_Name":"","Error_Address":"","Error_Message":"Error: Route.get() requires a callback function but got a [object Undefined]"}
[2018-04-26T18:37:48.071] [ERROR] Error - {"Error_Name":"Cube Post Submit Category Info Find Sub Promise Error","Error_Address":"Posts.controller.js - 85","Ip":"1","Device_Info":{"ua":"Mozilla/5.0 (Windows NT 10.0; Win64; x64) AppleWebKit/537.36 (KHTML, like Gecko) Chrome/65.0.3325.181 Safari/537.36","browser":{"name":"Chrome","version":"65.0.3325.181","major":"65"},"engine":{"name":"WebKit","version":"537.36"},"os":{"name":"Windows","version":"10"},"device":{},"cpu":{"architecture":"amd64"}},"Request_Body":{"attachments":"","User_Id":"5acc5d6e1295332c28f7e205","Post_Category":"Story","Cubes_Id":"[\"5acd9f76bb67be346045506c\",\"5acd9f4abb67be346045506a\"]","Post_Text":"sdffad","Post_Link":""}}
[2018-04-26T18:37:48.076] [ERROR] Error - {"Error_Name":"Cube Post Submit Category Info Find Sub Promise Error","Error_Address":"Posts.controller.js - 85","Ip":"1","Device_Info":{"ua":"Mozilla/5.0 (Windows NT 10.0; Win64; x64) AppleWebKit/537.36 (KHTML, like Gecko) Chrome/65.0.3325.181 Safari/537.36","browser":{"name":"Chrome","version":"65.0.3325.181","major":"65"},"engine":{"name":"WebKit","version":"537.36"},"os":{"name":"Windows","version":"10"},"device":{},"cpu":{"architecture":"amd64"}},"Request_Body":{"attachments":"","User_Id":"5acc5d6e1295332c28f7e205","Post_Category":"Story","Cubes_Id":"[\"5acd9f76bb67be346045506c\",\"5acd9f4abb67be346045506a\"]","Post_Text":"sdffad","Post_Link":""}}
[2018-04-26T19:17:53.228] [ERROR] Error - {"Error_Name":"","Error_Address":"","Error_Message":"TypeError: Cannot read property '0' of undefined"}
[2018-04-26T19:18:37.166] [ERROR] Error - {"Error_Name":"","Error_Address":"","Error_Message":"TypeError: Cannot read property '0' of undefined"}
[2018-04-26T19:19:55.124] [ERROR] Error - {"Error_Name":"","Error_Address":"","Error_Message":"Error: Can't set headers after they are sent."}
[2018-04-26T19:19:55.136] [ERROR] Error - {"Error_Name":"","Error_Address":"","Error_Message":{"errors":{"To_User_Id":{"message":"Path `To_User_Id` is required.","name":"ValidatorError","properties":{"message":"Path `{PATH}` is required.","type":"required","path":"To_User_Id"},"kind":"required","path":"To_User_Id","$isValidatorError":true}},"_message":"Post_Notification validation failed","message":"Post_Notification validation failed: To_User_Id: Path `To_User_Id` is required.","name":"ValidationError"}}
[2018-04-26T19:22:56.786] [ERROR] Error - {"Error_Name":"","Error_Address":"","Error_Message":"Error: Can't set headers after they are sent."}
[2018-04-26T19:26:39.363] [ERROR] Error - {"Error_Name":"","Error_Address":"","Error_Message":"Error: Can't set headers after they are sent."}
[2018-04-26T19:27:56.194] [ERROR] Error - {"Error_Name":"","Error_Address":"","Error_Message":"Error: Can't set headers after they are sent."}
[2018-04-26T19:31:01.093] [ERROR] Error - {"Error_Name":"","Error_Address":"","Error_Message":"Error: Can't set headers after they are sent."}
[2018-04-26T19:32:21.455] [ERROR] Error - {"Error_Name":"","Error_Address":"","Error_Message":"Error: Can't set headers after they are sent."}
[2018-04-26T19:34:48.057] [ERROR] Error - {"Error_Name":"","Error_Address":"","Error_Message":"Error: Can't set headers after they are sent."}
[2018-04-26T19:37:18.991] [ERROR] Error - {"Error_Name":"","Error_Address":"","Error_Message":"Error: Can't set headers after they are sent."}
