[2018-04-12T10:37:18.000] [ERROR] Error - {"Error_Name":"Cube Post Submit Category Info Find Main Promise Error","Error_Address":"Posts.controller.js - 75","Ip":"1","Device_Info":{"ua":"Mozilla/5.0 (Windows NT 10.0; Win64; x64) AppleWebKit/537.36 (KHTML, like Gecko) Chrome/65.0.3325.181 Safari/537.36","browser":{"name":"Chrome","version":"65.0.3325.181","major":"65"},"engine":{"name":"WebKit","version":"537.36"},"os":{"name":"Windows","version":"10"},"device":{},"cpu":{"architecture":"amd64"}},"Request_Body":{"attachments":"","User_Id":"5acc5d6e1295332c28f7e205","Post_Category":"Story","Cubes_Id":"[\"5acd9f76bb67be346045506c\"]","Post_Text":"dsfgdfgdh","Post_Link":""}}
[2018-04-12T10:38:06.329] [ERROR] Error - {"Error_Name":"Cube Post Submit Category Info Find Main Promise Error","Error_Address":"Posts.controller.js - 75","Ip":"1","Device_Info":{"ua":"Mozilla/5.0 (Windows NT 10.0; Win64; x64) AppleWebKit/537.36 (KHTML, like Gecko) Chrome/65.0.3325.181 Safari/537.36","browser":{"name":"Chrome","version":"65.0.3325.181","major":"65"},"engine":{"name":"WebKit","version":"537.36"},"os":{"name":"Windows","version":"10"},"device":{},"cpu":{"architecture":"amd64"}},"Request_Body":{"attachments":"","User_Id":"5acc5d6e1295332c28f7e205","Post_Category":"Story","Cubes_Id":"[\"5acd9fb3bb67be346045506e\"]","Post_Text":"awdasdas","Post_Link":""}}
[2018-04-12T10:38:46.499] [ERROR] Error - {"Error_Name":"Cube Post Submit Category Info Find Main Promise Error","Error_Address":"Posts.controller.js - 75","Ip":"1","Device_Info":{"ua":"Mozilla/5.0 (Windows NT 10.0; Win64; x64) AppleWebKit/537.36 (KHTML, like Gecko) Chrome/65.0.3325.181 Safari/537.36","browser":{"name":"Chrome","version":"65.0.3325.181","major":"65"},"engine":{"name":"WebKit","version":"537.36"},"os":{"name":"Windows","version":"10"},"device":{},"cpu":{"architecture":"amd64"}},"Request_Body":{"attachments":"","User_Id":"5acc5d6e1295332c28f7e205","Post_Category":"Story","Cubes_Id":"[\"5acd9f76bb67be346045506c\"]","Post_Text":"fsdfsdf","Post_Link":""}}
[2018-04-12T12:43:38.641] [ERROR] Error - {"Error_Name":"Cube Post Submit Query Error","Error_Address":"Posts.controller.js - 62","Ip":"1","Device_Info":{"ua":"Mozilla/5.0 (Windows NT 10.0; Win64; x64) AppleWebKit/537.36 (KHTML, like Gecko) Chrome/65.0.3325.181 Safari/537.36","browser":{"name":"Chrome","version":"65.0.3325.181","major":"65"},"engine":{"name":"WebKit","version":"537.36"},"os":{"name":"Windows","version":"10"},"device":{},"cpu":{"architecture":"amd64"}},"Request_Body":{"User_Id":"5acc5d6e1295332c28f7e205","Post_Id":"5acefb00ed0c890724570c8b"}}
[2018-04-12T13:17:13.628] [ERROR] Error - {"Error_Name":"","Error_Address":"","Error_Message":"TypeError: Cannot read property 'Count' of null"}
[2018-04-12T13:27:00.884] [ERROR] Error - {"Error_Name":"Cube Post Submit Category Info Find Main Promise Error","Error_Address":"Posts.controller.js - 75","Ip":"1","Device_Info":{"ua":"Mozilla/5.0 (Windows NT 10.0; Win64; x64) AppleWebKit/537.36 (KHTML, like Gecko) Chrome/65.0.3325.181 Safari/537.36","browser":{"name":"Chrome","version":"65.0.3325.181","major":"65"},"engine":{"name":"WebKit","version":"537.36"},"os":{"name":"Windows","version":"10"},"device":{},"cpu":{"architecture":"amd64"}},"Request_Body":{}}
[2018-04-12T13:28:07.023] [ERROR] Error - {"Error_Name":"Cube Post Submit Category Info Find Main Promise Error","Error_Address":"Posts.controller.js - 75","Ip":"1","Device_Info":{"ua":"Mozilla/5.0 (Windows NT 10.0; Win64; x64) AppleWebKit/537.36 (KHTML, like Gecko) Chrome/65.0.3325.181 Safari/537.36","browser":{"name":"Chrome","version":"65.0.3325.181","major":"65"},"engine":{"name":"WebKit","version":"537.36"},"os":{"name":"Windows","version":"10"},"device":{},"cpu":{"architecture":"amd64"}},"Request_Body":{}}
[2018-04-12T13:28:34.543] [ERROR] Error - {"Error_Name":"Cube Post Submit Category Info Find Main Promise Error","Error_Address":"Posts.controller.js - 75","Ip":"192.168.1.108","Device_Info":{"ua":"Dalvik/1.6.0 (Linux; U; Android 4.4.2; Android SDK built for x86 Build/KK)","browser":{},"engine":{},"os":{"name":"Android","version":"4.4.2"},"device":{"vendor":"Generic","model":"Android 4.4.2"},"cpu":{}},"Request_Body":{}}
[2018-04-12T13:28:43.259] [ERROR] Error - {"Error_Name":"Cube Post Submit Category Info Find Main Promise Error","Error_Address":"Posts.controller.js - 75","Ip":"192.168.1.108","Device_Info":{"ua":"Dalvik/1.6.0 (Linux; U; Android 4.4.2; Android SDK built for x86 Build/KK)","browser":{},"engine":{},"os":{"name":"Android","version":"4.4.2"},"device":{"vendor":"Generic","model":"Android 4.4.2"},"cpu":{}},"Request_Body":{}}
[2018-04-12T13:28:47.806] [ERROR] Error - {"Error_Name":"Cube Post Submit Category Info Find Main Promise Error","Error_Address":"Posts.controller.js - 75","Ip":"192.168.1.108","Device_Info":{"ua":"Mozilla/5.0 (Windows NT 10.0; Win64; x64) AppleWebKit/537.36 (KHTML, like Gecko) Chrome/65.0.3325.181 Safari/537.36","browser":{"name":"Chrome","version":"65.0.3325.181","major":"65"},"engine":{"name":"WebKit","version":"537.36"},"os":{"name":"Windows","version":"10"},"device":{},"cpu":{"architecture":"amd64"}},"Request_Body":{}}
[2018-04-12T16:43:46.616] [ERROR] Error - {"Error_Name":"","Error_Address":"","Error_Message":"ReferenceError: cubeIds is not defined"}
[2018-04-12T18:21:09.319] [ERROR] Error - {"Error_Name":"","Error_Address":"","Error_Message":"TypeError: result.map is not a function"}
[2018-04-12T18:46:57.091] [ERROR] Error - {"Error_Name":"Mongodb Connection Error","Error_Address":"Server.js - 31","Error_Message":{"name":"MongoError","message":"Authentication failed.","ok":0,"errmsg":"Authentication failed.","code":18,"codeName":"AuthenticationFailed"}}
[2018-04-12T18:46:57.093] [ERROR] Error - {"Error_Name":"","Error_Address":"","Error_Message":{"name":"MongoError","message":"Authentication failed.","ok":0,"errmsg":"Authentication failed.","code":18,"codeName":"AuthenticationFailed"}}
[2018-04-12T19:05:24.443] [ERROR] Error - {"Error_Name":"","Error_Address":"","Error_Message":"TypeError: Cannot read property 'Inscube_Name' of null"}
[2018-04-12T19:16:32.329] [ERROR] Error - {"Error_Name":"Cube Post Submit Category Info Find Sub Promise Error","Error_Address":"Posts.controller.js - 85","Ip":"192.168.1.108","Device_Info":{"ua":"Dalvik/1.6.0 (Linux; U; Android 4.4.2; Android SDK built for x86 Build/KK)","browser":{},"engine":{},"os":{"name":"Android","version":"4.4.2"},"device":{"vendor":"Generic","model":"Android 4.4.2"},"cpu":{}},"Request_Body":{}}
[2018-04-12T19:17:03.624] [ERROR] Error - {"Error_Name":"Cube Post Submit Category Info Find Sub Promise Error","Error_Address":"Posts.controller.js - 85","Ip":"192.168.1.108","Device_Info":{"ua":"Dalvik/1.6.0 (Linux; U; Android 4.4.2; Android SDK built for x86 Build/KK)","browser":{},"engine":{},"os":{"name":"Android","version":"4.4.2"},"device":{"vendor":"Generic","model":"Android 4.4.2"},"cpu":{}},"Request_Body":{}}
[2018-04-12T19:17:55.777] [ERROR] Error - {"Error_Name":"Cube Post Submit Category Info Find Sub Promise Error","Error_Address":"Posts.controller.js - 85","Ip":"192.168.1.108","Device_Info":{"ua":"Dalvik/1.6.0 (Linux; U; Android 4.4.2; Android SDK built for x86 Build/KK)","browser":{},"engine":{},"os":{"name":"Android","version":"4.4.2"},"device":{"vendor":"Generic","model":"Android 4.4.2"},"cpu":{}},"Request_Body":{}}
[2018-04-12T19:20:13.807] [ERROR] Error - {"Error_Name":"Cube Post Submit Category Info Find Sub Promise Error","Error_Address":"Posts.controller.js - 85","Ip":"192.168.1.108","Device_Info":{"ua":"Dalvik/1.6.0 (Linux; U; Android 4.4.2; Android SDK built for x86 Build/KK)","browser":{},"engine":{},"os":{"name":"Android","version":"4.4.2"},"device":{"vendor":"Generic","model":"Android 4.4.2"},"cpu":{}},"Request_Body":{}}
[2018-04-12T19:57:08.049] [ERROR] Error - {"Error_Name":"","Error_Address":"","Error_Message":"ReferenceError: err is not defined"}
[2018-04-12T19:57:10.724] [ERROR] Error - {"Error_Name":"","Error_Address":"","Error_Message":"ReferenceError: err is not defined"}
[2018-04-12T19:57:15.837] [ERROR] Error - {"Error_Name":"","Error_Address":"","Error_Message":"ReferenceError: err is not defined"}
[2018-04-12T19:57:18.743] [ERROR] Error - {"Error_Name":"","Error_Address":"","Error_Message":"ReferenceError: err is not defined"}
[2018-04-12T19:57:23.873] [ERROR] Error - {"Error_Name":"","Error_Address":"","Error_Message":"ReferenceError: err is not defined"}
[2018-04-12T19:57:41.612] [ERROR] Error - {"Error_Name":"","Error_Address":"","Error_Message":"ReferenceError: err is not defined"}
[2018-04-12T19:57:49.589] [ERROR] Error - {"Error_Name":"","Error_Address":"","Error_Message":"ReferenceError: err is not defined"}
[2018-04-12T19:58:29.523] [ERROR] Error - {"Error_Name":"","Error_Address":"","Error_Message":"TypeError: Post_result.save is not a function"}
[2018-04-12T19:58:37.500] [ERROR] Error - {"Error_Name":"","Error_Address":"","Error_Message":"TypeError: Post_result.save is not a function"}
[2018-04-12T20:57:08.859] [ERROR] Error - {"Error_Name":"","Error_Address":"","Error_Message":"Error: Route.get() requires a callback function but got a [object Undefined]"}
[2018-04-12T21:37:57.247] [ERROR] Error - {"Error_Name":"","Error_Address":"","Error_Message":"ReferenceError: info_1 is not defined"}
[2018-04-12T21:38:00.197] [ERROR] Error - {"Error_Name":"","Error_Address":"","Error_Message":"ReferenceError: info_1 is not defined"}
[2018-04-12T21:38:05.151] [ERROR] Error - {"Error_Name":"","Error_Address":"","Error_Message":"ReferenceError: info_1 is not defined"}
[2018-04-12T21:38:08.163] [ERROR] Error - {"Error_Name":"","Error_Address":"","Error_Message":"ReferenceError: info_1 is not defined"}
[2018-04-12T21:38:13.160] [ERROR] Error - {"Error_Name":"","Error_Address":"","Error_Message":"ReferenceError: info_1 is not defined"}
[2018-04-12T21:38:32.180] [ERROR] Error - {"Error_Name":"","Error_Address":"","Error_Message":"ReferenceError: info_1 is not defined"}
[2018-04-12T21:38:37.238] [ERROR] Error - {"Error_Name":"","Error_Address":"","Error_Message":"ReferenceError: info_1 is not defined"}
[2018-04-12T22:15:13.107] [ERROR] Error - {"Error_Name":"","Error_Address":"","Error_Message":"ReferenceError: info_1 is not defined"}
[2018-04-12T22:15:18.852] [ERROR] Error - {"Error_Name":"","Error_Address":"","Error_Message":"ReferenceError: info_1 is not defined"}
[2018-04-12T22:15:28.288] [ERROR] Error - {"Error_Name":"","Error_Address":"","Error_Message":"ReferenceError: info_1 is not defined"}
[2018-04-12T22:16:32.960] [ERROR] Error - {"Error_Name":"","Error_Address":"","Error_Message":"ReferenceError: info_1 is not defined"}
[2018-04-12T22:16:40.957] [ERROR] Error - {"Error_Name":"","Error_Address":"","Error_Message":"ReferenceError: info_1 is not defined"}
[2018-04-12T22:17:05.017] [ERROR] Error - {"Error_Name":"","Error_Address":"","Error_Message":"ReferenceError: info_1 is not defined"}
[2018-04-12T22:20:12.223] [ERROR] Error - {"Error_Name":"","Error_Address":"","Error_Message":"ReferenceError: info_1 is not defined"}
[2018-04-12T22:20:17.383] [ERROR] Error - {"Error_Name":"","Error_Address":"","Error_Message":"ReferenceError: info_1 is not defined"}
[2018-04-12T22:20:41.406] [ERROR] Error - {"Error_Name":"","Error_Address":"","Error_Message":"ReferenceError: info_1 is not defined"}
[2018-04-12T22:21:41.826] [ERROR] Error - {"Error_Name":"","Error_Address":"","Error_Message":"ReferenceError: info_1 is not defined"}
[2018-04-12T22:21:49.772] [ERROR] Error - {"Error_Name":"","Error_Address":"","Error_Message":"ReferenceError: info_1 is not defined"}
[2018-04-12T22:22:13.818] [ERROR] Error - {"Error_Name":"","Error_Address":"","Error_Message":"ReferenceError: info_1 is not defined"}
[2018-04-12T22:26:18.068] [ERROR] Error - {"Error_Name":"","Error_Address":"","Error_Message":"ReferenceError: info_1 is not defined"}
[2018-04-12T22:26:26.027] [ERROR] Error - {"Error_Name":"","Error_Address":"","Error_Message":"ReferenceError: info_1 is not defined"}
