[2018-04-04T12:19:58.733] [ERROR] Error - {"Error_Name":"User Register Query Error","Error_Address":"SignIn_SignUp.controller.js - 51","Ip":"192.168.1.108","Device_Info":{"ua":"Mozilla/5.0 (Windows NT 10.0; Win64; x64) AppleWebKit/537.36 (KHTML, like Gecko) Chrome/65.0.3325.181 Safari/537.36","browser":{"name":"Chrome","version":"65.0.3325.181","major":"65"},"engine":{"name":"WebKit","version":"537.36"},"os":{"name":"Windows","version":"10"},"device":{},"cpu":{"architecture":"amd64"}},"Request_Body":{"Name":"arun","Email":"a@gmail.com","Password":"a","Firebase_Token":""}}
[2018-04-04T12:24:21.522] [ERROR] Error - {"Error_Name":"User Register Login Info Save Query Error","Error_Address":"SignIn_SignUp.controller.js - 71","Ip":"192.168.1.108","Device_Info":{"ua":"Mozilla/5.0 (Windows NT 10.0; Win64; x64) AppleWebKit/537.36 (KHTML, like Gecko) Chrome/65.0.3325.181 Safari/537.36","browser":{"name":"Chrome","version":"65.0.3325.181","major":"65"},"engine":{"name":"WebKit","version":"537.36"},"os":{"name":"Windows","version":"10"},"device":{},"cpu":{"architecture":"amd64"}},"Request_Body":{"Name":"arun","Email":"aaaa@gmail.com","Password":"a","Firebase_Token":""}}
[2018-04-04T12:26:01.243] [ERROR] Error - {"Error_Name":"User Register Query Error","Error_Address":"SignIn_SignUp.controller.js - 51","Ip":"192.168.1.108","Device_Info":{"ua":"Mozilla/5.0 (Windows NT 10.0; Win64; x64) AppleWebKit/537.36 (KHTML, like Gecko) Chrome/65.0.3325.181 Safari/537.36","browser":{"name":"Chrome","version":"65.0.3325.181","major":"65"},"engine":{"name":"WebKit","version":"537.36"},"os":{"name":"Windows","version":"10"},"device":{},"cpu":{"architecture":"amd64"}},"Request_Body":{"Name":"arun","Email":"a@gmail.com","Password":"a","Firebase_Token":""}}
[2018-04-04T13:21:55.635] [ERROR] Error - {"Error_Name":"","Error_Address":"","Error_Message":"MongoError: E11000 duplicate key error collection: Inscube.Users index: Insube_Name_1 dup key: { : null }"}
[2018-04-04T13:23:06.516] [ERROR] Error - {"Error_Name":"","Error_Address":"","Error_Message":"MongoError: E11000 duplicate key error collection: Inscube.Users index: Inscube_Name_1 dup key: { : null }"}
[2018-04-04T13:24:08.710] [ERROR] Error - {"Error_Name":"","Error_Address":"","Error_Message":"MongoError: E11000 duplicate key error collection: Inscube.Users index: Inscube_Name_1 dup key: { : null }"}
[2018-04-04T13:25:01.081] [ERROR] Error - {"Error_Name":"","Error_Address":"","Error_Message":"MongoError: E11000 duplicate key error collection: Inscube.Users index: Inscube_Name_1 dup key: { : null }"}
[2018-04-04T13:25:18.106] [ERROR] Error - {"Error_Name":"","Error_Address":"","Error_Message":"MongoError: E11000 duplicate key error collection: Inscube.Users index: Inscube_Name_1 dup key: { : null }"}
[2018-04-04T13:26:20.108] [ERROR] Error - {"Error_Name":"","Error_Address":"","Error_Message":"MongoError: E11000 duplicate key error collection: Inscube.Users index: Inscube_Name_1 dup key: { : null }"}
[2018-04-04T13:27:03.486] [ERROR] Error - {"Error_Name":"","Error_Address":"","Error_Message":"MongoError: E11000 duplicate key error collection: Inscube.Users index: Inscube_Name_1 dup key: { : null }"}
[2018-04-04T15:06:16.154] [ERROR] Error - {"Error_Name":"User Register Query Error","Error_Address":"SignIn_SignUp.controller.js - 51","Ip":"1","Device_Info":{"ua":"PostmanRuntime/7.1.1","browser":{},"engine":{},"os":{},"device":{},"cpu":{}},"Request_Body":{"Inscube_Name":"kathir","Password":"kathir","Firebase_Token":"123","Email":"kathir@gmail.com"}}
[2018-04-04T17:38:28.238] [ERROR] Error - {"Error_Name":"","Error_Address":"","Error_Message":"TypeError: Cannot read property 'filename' of undefined"}
[2018-04-04T17:42:28.097] [ERROR] Error - {"Error_Name":"","Error_Address":"","Error_Message":"Error: Route.post() requires a callback function but got a [object Undefined]"}
[2018-04-04T17:42:29.146] [ERROR] Error - {"Error_Name":"","Error_Address":"","Error_Message":"Error: Route.post() requires a callback function but got a [object Undefined]"}
[2018-04-04T17:51:48.059] [ERROR] Error - {"Error_Name":"","Error_Address":"","Error_Message":"ReferenceError: path is not defined"}
[2018-04-04T17:53:38.547] [ERROR] Error - {"Error_Name":"","Error_Address":"","Error_Message":"TypeError: Cannot read property 'toLowerCase' of undefined"}
[2018-04-04T17:54:03.419] [ERROR] Error - {"Error_Name":"","Error_Address":"","Error_Message":"TypeError: Cannot read property 'toLowerCase' of undefined"}
[2018-04-04T18:40:36.520] [ERROR] Error - {"Error_Name":"","Error_Address":"","Error_Message":"ReferenceError: imageValues is not defined"}
[2018-04-04T18:56:21.428] [ERROR] Error - {"Error_Name":"","Error_Address":"","Error_Message":"Error: Cannot find module 'gm'"}
[2018-04-04T18:56:39.147] [ERROR] Error - {"Error_Name":"","Error_Address":"","Error_Message":"Error: Cannot find module 'gm'"}
