[2018-06-01T15:58:15.816] [ERROR] Error - {"Error_Name":"","Error_Address":"","Error_Message":"OverwriteModelError: Cannot overwrite `Cube_Posts` model once compiled."}
[2018-06-01T16:01:35.765] [ERROR] Error - {"Error_Name":"","Error_Address":"","Error_Message":"OverwriteModelError: Cannot overwrite `Cube_Posts` model once compiled."}
[2018-06-01T16:07:25.563] [ERROR] Error - {"Error_Name":"","Error_Address":"","Error_Message":"OverwriteModelError: Cannot overwrite `Cube_Postss` model once compiled."}
[2018-06-01T16:07:48.959] [ERROR] Error - {"Error_Name":"","Error_Address":"","Error_Message":"ReferenceError: varCube_Posts is not defined"}
[2018-06-01T16:07:57.769] [ERROR] Error - {"Error_Name":"","Error_Address":"","Error_Message":"OverwriteModelError: Cannot overwrite `Post_Emote` model once compiled."}
[2018-06-01T16:08:14.306] [ERROR] Error - {"Error_Name":"","Error_Address":"","Error_Message":"OverwriteModelError: Cannot overwrite `Cube_Posts` model once compiled."}
[2018-06-01T16:08:52.643] [ERROR] Error - {"Error_Name":"","Error_Address":"","Error_Message":"OverwriteModelError: Cannot overwrite `Cube_Posts` model once compiled."}
[2018-06-01T17:24:36.251] [ERROR] Error - {"Error_Name":"","Error_Address":"","Error_Message":"Error: Route.get() requires a callback function but got a [object Undefined]"}
[2018-06-01T17:25:56.550] [ERROR] Error - {"Error_Name":"","Error_Address":"","Error_Message":"Error: Route.get() requires a callback function but got a [object Undefined]"}
[2018-06-01T17:26:00.273] [ERROR] Error - {"Error_Name":"","Error_Address":"","Error_Message":"Error: Route.get() requires a callback function but got a [object Undefined]"}
[2018-06-01T17:46:12.209] [ERROR] Error - {"Error_Name":"","Error_Address":"","Error_Message":"Error: Route.get() requires a callback function but got a [object Undefined]"}
[2018-06-01T17:48:31.946] [ERROR] Error - {"Error_Name":"","Error_Address":"","Error_Message":"Error: Route.get() requires a callback function but got a [object Undefined]"}
[2018-06-01T17:48:40.979] [ERROR] Error - {"Error_Name":"","Error_Address":"","Error_Message":"Error: Route.get() requires a callback function but got a [object Undefined]"}
[2018-06-01T18:42:31.822] [ERROR] Error - {"Error_Name":"","Error_Address":"","Error_Message":"Error: Route.get() requires a callback function but got a [object Undefined]"}
[2018-06-01T18:42:40.528] [ERROR] Error - {"Error_Name":"","Error_Address":"","Error_Message":"Error: Route.get() requires a callback function but got a [object Undefined]"}
[2018-06-01T18:47:35.420] [ERROR] Error - {"Error_Name":"","Error_Address":"","Error_Message":"Error: Route.get() requires a callback function but got a [object Undefined]"}
[2018-06-01T18:57:32.352] [ERROR] Error - {"Error_Name":"","Error_Address":"","Error_Message":"Error: Route.get() requires a callback function but got a [object Undefined]"}
[2018-06-01T19:01:37.133] [ERROR] Error - {"Error_Name":"","Error_Address":"","Error_Message":"Error: Route.get() requires a callback function but got a [object Undefined]"}
[2018-06-01T19:07:10.939] [ERROR] Error - {"Error_Name":"","Error_Address":"","Error_Message":"Error: Route.get() requires a callback function but got a [object Undefined]"}
[2018-06-01T19:56:53.396] [ERROR] Error - {"Error_Name":"","Error_Address":"","Error_Message":"Error: Route.get() requires a callback function but got a [object Undefined]"}
